{"message":"There is no book in the database","level":"error"}
{"message":"There is no book in the database","level":"error"}
{"message":"There is no book in the database","level":"error"}
{"message":"There is no book in the database","level":"error"}
{"message":"There is no book in the database","level":"error"}
{"message":"There is no book in the database","level":"error"}
{"message":"There is no book in the database","level":"error"}
{"message":"There is no book in the database","level":"error","timestamp":"2019-04-06 14:44:22"}
{"message":"There is no book in the database","level":"error","timestamp":"2019-04-06 14:44:22"}
{"message":"There is no book in the database","level":"error","timestamp":"2019-04-06 14:49:17"}
{"message":"There is no book in the database","level":"error","timestamp":"2019-04-10 16:13:31"}
{"message":"There is no book in the database","level":"error","timestamp":"2019-04-10 16:13:49"}
{"message":"There is no book in the database","level":"error","timestamp":"2019-04-10 16:14:12"}
{"message":"There is no book in the database","level":"error","timestamp":"2019-04-10 16:14:27"}
{"message":"Unauthorized request to path: /bookmarks","level":"error","timestamp":"2019-04-11 03:29:52"}
{"message":"Unauthorized request to path: /bookmarks/12345","level":"error","timestamp":"2019-04-11 03:56:15"}
{"message":"Unauthorized request to path: /bookmarks","level":"error","timestamp":"2019-04-12 18:35:47"}
{"message":"Unauthorized request to path: /bookmarks","level":"error","timestamp":"2019-04-12 18:37:17"}
{"message":"Unauthorized request to path: /bookmarks","level":"error","timestamp":"2019-04-12 18:40:46"}
{"message":"Unauthorized request to path: /bookmarks","level":"error","timestamp":"2019-04-12 18:44:38"}
{"name":"error","length":211,"severity":"ERROR","code":"23502","detail":"Failing row contains (1, null, http://www.google.com, desc, 2).","schema":"public","table":"bookmarks","column":"title","file":"execMain.c","line":"2042","routine":"ExecConstraints","level":"error","timestamp":"2019-04-12 19:26:42"}
{"name":"error","length":191,"severity":"ERROR","code":"23502","detail":"Failing row contains (1, title, null, desc, 2).","schema":"public","table":"bookmarks","column":"url","file":"execMain.c","line":"2042","routine":"ExecConstraints","level":"error","timestamp":"2019-04-12 19:26:42"}
{"name":"error","length":213,"severity":"ERROR","code":"23502","detail":"Failing row contains (11, null, http://www.google.com, desc5, 2).","schema":"public","table":"bookmarks","column":"title","file":"execMain.c","line":"2042","routine":"ExecConstraints","level":"error","timestamp":"2019-04-12 15:26:50"}
{"name":"error","length":213,"severity":"ERROR","code":"23502","detail":"Failing row contains (12, null, http://www.google.com, desc5, 2).","schema":"public","table":"bookmarks","column":"title","file":"execMain.c","line":"2042","routine":"ExecConstraints","level":"error","timestamp":"2019-04-12 15:28:31"}
{"level":"error","timestamp":"2019-04-12 15:29:22"}
{"level":"error","timestamp":"2019-04-12 15:29:50"}
{"level":"error","timestamp":"2019-04-12 15:33:28"}
{"level":"error","timestamp":"2019-04-12 19:44:05"}
{"level":"error","timestamp":"2019-04-12 19:44:05"}
{"level":"error","timestamp":"2019-04-12 19:44:06"}
{"level":"error","timestamp":"2019-04-12 19:44:06"}
{"level":"error","timestamp":"2019-04-12 19:44:06"}
{"level":"error","timestamp":"2019-04-12 19:46:27"}
{"level":"error","timestamp":"2019-04-12 19:46:27"}
{"level":"error","timestamp":"2019-04-12 19:46:27"}
{"level":"error","timestamp":"2019-04-12 19:46:27"}
{"level":"error","timestamp":"2019-04-12 19:46:27"}
{"level":"error","timestamp":"2019-04-12 19:47:12"}
{"level":"error","timestamp":"2019-04-12 19:47:12"}
{"level":"error","timestamp":"2019-04-12 19:47:12"}
{"level":"error","timestamp":"2019-04-12 19:47:12"}
{"level":"error","timestamp":"2019-04-12 19:47:12"}
{"level":"error","timestamp":"2019-04-12 16:09:45"}
{"name":"error","length":91,"severity":"ERROR","code":"22P02","file":"numutils.c","line":"62","routine":"pg_atoi","level":"error","timestamp":"2019-04-12 20:31:12"}
{"name":"error","length":91,"severity":"ERROR","code":"22P02","file":"numutils.c","line":"62","routine":"pg_atoi","level":"error","timestamp":"2019-04-12 20:32:08"}
{"name":"error","length":91,"severity":"ERROR","code":"22P02","file":"numutils.c","line":"62","routine":"pg_atoi","level":"error","timestamp":"2019-04-12 20:46:19"}
{"level":"error","timestamp":"2019-04-12 16:47:49"}
{"level":"error","timestamp":"2019-04-12 16:48:46"}
{"name":"error","length":91,"severity":"ERROR","code":"22P02","file":"numutils.c","line":"62","routine":"pg_atoi","level":"error","timestamp":"2019-04-12 20:51:47"}
{"name":"error","length":91,"severity":"ERROR","code":"22P02","file":"numutils.c","line":"62","routine":"pg_atoi","level":"error","timestamp":"2019-04-12 20:54:43"}
{"message":"Unauthorized request to path: /bookmarks/12345","level":"error","timestamp":"2019-04-12 20:59:19"}
{"level":"error","timestamp":"2019-04-25 02:37:43"}
{"level":"error","timestamp":"2019-04-25 02:37:43"}
{"level":"error","timestamp":"2019-04-25 02:38:50"}
{"level":"error","timestamp":"2019-04-25 02:38:50"}
{"message":"Unauthorized request to path: /api/articles/2","level":"error","timestamp":"2019-04-25 03:06:11"}
{"level":"error","timestamp":"2019-04-25 03:26:56"}
{"level":"error","timestamp":"2019-04-25 03:28:12"}
{"level":"error","timestamp":"2019-04-25 03:29:15"}
{"message":"Unauthorized request to path: /","level":"error","timestamp":"2019-04-28 14:10:02"}
{"message":"Unauthorized request to path: /api/bookmarks","level":"error","timestamp":"2019-04-28 14:42:35"}
